<?xml version="1.0" encoding="UTF-8"?>
<!-- Generated by org.testng.reporters.JUnitReportReporter -->
<testsuite hostname="RETDAYV-7601861" name="testSuite.Demo" tests="1" failures="0" timestamp="12 Jan 2018 09:48:37 GMT" time="215.812" errors="0">
  <testcase name="createProposedProdEnhance" time="215.812" classname="testSuite.Demo"/>
</testsuite> <!-- testSuite.Demo -->
